<?xml version="1.0" encoding="UTF-8"?>
<!-- Generated by org.testng.reporters.JUnitReportReporter -->
<testsuite hostname="DESKTOP-C784JLS" failures="0" tests="3" name="com.saucedemo.interview.mypagestest.LoginTest" time="31.415" errors="0" timestamp="2020-10-16T13:28:36 IST" skipped="0">
  <testcase classname="com.saucedemo.interview.mypagestest.LoginTest" name="loginWithoutUserNameandPassword" time="7.900"/>
  <system-out/>
  <testcase classname="com.saucedemo.interview.mypagestest.LoginTest" name="loginInvalid" time="8.789"/>
  <system-out/>
  <testcase classname="com.saucedemo.interview.mypagestest.LoginTest" name="loginValid" time="14.726"/>
  <system-out/>
</testsuite> <!-- com.saucedemo.interview.mypagestest.LoginTest -->
