<?xml version="1.0" encoding="UTF-8"?>
<!-- Generated by org.testng.reporters.JUnitReportReporter -->
<testsuite hostname="DESKTOP-C784JLS" failures="0" tests="4" name="com.saucedemo.interview.mypagestest.ProductPageTestValidUser" time="14.728" errors="0" timestamp="2020-10-18T14:01:11 IST" skipped="0">
  <testcase classname="com.saucedemo.interview.mypagestest.ProductPageTestValidUser" name="clicktheProduct" time="8.326"/>
  <system-out/>
  <testcase classname="com.saucedemo.interview.mypagestest.ProductPageTestValidUser" name="verifyProductDetailsandAddToCart" time="0.149"/>
  <system-out/>
  <testcase classname="com.saucedemo.interview.mypagestest.ProductPageTestValidUser" name="verifyProductInCart" time="2.146"/>
  <system-out/>
  <testcase classname="com.saucedemo.interview.mypagestest.ProductPageTestValidUser" name="verifySortOperation" time="4.107"/>
  <system-out/>
</testsuite> <!-- com.saucedemo.interview.mypagestest.ProductPageTestValidUser -->
