<?xml version="1.0" encoding="UTF-8"?>
<!-- Generated by org.testng.reporters.JUnitReportReporter -->
<testsuite hostname="DESKTOP-C784JLS" failures="0" tests="3" name="com.saucedemo.interview.mypagestest.LoginTest" time="6.216" errors="0" timestamp="2020-10-18T14:01:11 IST" skipped="0">
  <testcase classname="com.saucedemo.interview.mypagestest.LoginTest" name="loginWithoutUserNameandPassword" time="0.591"/>
  <system-out/>
  <testcase classname="com.saucedemo.interview.mypagestest.LoginTest" name="loginwithInvalidCredentials" time="0.379"/>
  <system-out/>
  <testcase classname="com.saucedemo.interview.mypagestest.LoginTest" name="loginwithValidCredentials" time="5.246"/>
  <system-out/>
</testsuite> <!-- com.saucedemo.interview.mypagestest.LoginTest -->
