<?xml version="1.0" encoding="UTF-8"?>
<!-- Generated by org.testng.reporters.JUnitReportReporter -->
<testsuite hostname="DESKTOP-C784JLS" failures="0" tests="3" name="com.saucedemo.interview.mypagestest.LoginTest" time="11.054" errors="0" timestamp="2020-10-18T10:06:34 IST" skipped="0">
  <testcase classname="com.saucedemo.interview.mypagestest.LoginTest" name="loginWithoutUserNameandPassword" time="0.967"/>
  <system-out/>
  <testcase classname="com.saucedemo.interview.mypagestest.LoginTest" name="loginwithInvalidCredentials" time="0.494"/>
  <system-out/>
  <testcase classname="com.saucedemo.interview.mypagestest.LoginTest" name="loginwithValidCredentials" time="9.593"/>
  <system-out/>
</testsuite> <!-- com.saucedemo.interview.mypagestest.LoginTest -->
