<?xml version="1.0" encoding="UTF-8"?>
<!-- Generated by org.testng.reporters.JUnitReportReporter -->
<testsuite hostname="DESKTOP-C784JLS" failures="0" tests="4" name="com.saucedemo.interview.mypagestest.ProductPageTest" time="10.839" errors="0" timestamp="2020-10-18T10:06:35 IST" skipped="0">
  <testcase classname="com.saucedemo.interview.mypagestest.ProductPageTest" name="clicktheProduct" time="6.927"/>
  <system-out/>
  <testcase classname="com.saucedemo.interview.mypagestest.ProductPageTest" name="verifyProductDetailsandAddToCart" time="0.162"/>
  <system-out/>
  <testcase classname="com.saucedemo.interview.mypagestest.ProductPageTest" name="verifyProductInCart" time="0.049"/>
  <system-out/>
  <testcase classname="com.saucedemo.interview.mypagestest.ProductPageTest" name="verifySortOperation" time="3.701"/>
  <system-out/>
</testsuite> <!-- com.saucedemo.interview.mypagestest.ProductPageTest -->
